#
# There is insufficient memory for the Java Runtime Environment to continue.
# Native memory allocation (malloc) failed to allocate 889296 bytes for Chunk::new
# Possible reasons:
#   The system is out of physical RAM or swap space
#   In 32 bit mode, the process size limit was hit
# Possible solutions:
#   Reduce memory load on the system
#   Increase physical memory or swap space
#   Check if swap backing store is full
#   Use 64 bit Java on a 64 bit OS
#   Decrease Java heap size (-Xmx/-Xms)
#   Decrease number of Java threads
#   Decrease Java thread stack sizes (-Xss)
#   Set larger code cache with -XX:ReservedCodeCacheSize=
# This output file may be truncated or incomplete.
#
#  Out of Memory Error (allocation.cpp:390), pid=8744, tid=9812
#
# JRE version: Java(TM) SE Runtime Environment (8.0_40-b26) (build 1.8.0_40-b26)
# Java VM: Java HotSpot(TM) 64-Bit Server VM (25.40-b25 mixed mode windows-amd64 compressed oops)
# Failed to write core dump. Minidumps are not enabled by default on client versions of Windows
#

---------------  T H R E A D  ---------------

Current thread (0x0000000016e96800):  JavaThread "C2 CompilerThread1" daemon [_thread_in_native, id=9812, stack(0x0000000017240000,0x0000000017340000)]

Stack: [0x0000000017240000,0x0000000017340000]
Native frames: (J=compiled Java code, j=interpreted, Vv=VM code, C=native code)
V  [jvm.dll+0x32b47a]


Current CompileTask:
C2:   3524 1336       4       com.android.dx.ssa.SCCP::simulateStmt (481 bytes)


---------------  P R O C E S S  ---------------

Java Threads: ( => current thread )
  0x000000001711b800 JavaThread "pool-2-thread-4" [_thread_in_Java, id=8300, stack(0x0000000017a40000,0x0000000017b40000)]
  0x000000001711f800 JavaThread "pool-2-thread-3" [_thread_in_Java, id=920, stack(0x0000000017940000,0x0000000017a40000)]
  0x0000000017118800 JavaThread "pool-2-thread-2" [_thread_in_Java, id=7348, stack(0x0000000017840000,0x0000000017940000)]
  0x00000000170d8800 JavaThread "pool-3-thread-1" [_thread_blocked, id=10720, stack(0x0000000017740000,0x0000000017840000)]
  0x0000000017173800 JavaThread "pool-2-thread-1" [_thread_blocked, id=11116, stack(0x0000000017640000,0x0000000017740000)]
  0x0000000016ea4000 JavaThread "Service Thread" daemon [_thread_blocked, id=5296, stack(0x0000000017440000,0x0000000017540000)]
  0x0000000016e9c800 JavaThread "C1 CompilerThread2" daemon [_thread_blocked, id=13836, stack(0x0000000017340000,0x0000000017440000)]
=>0x0000000016e96800 JavaThread "C2 CompilerThread1" daemon [_thread_in_native, id=9812, stack(0x0000000017240000,0x0000000017340000)]
  0x0000000015839000 JavaThread "C2 CompilerThread0" daemon [_thread_in_native, id=11772, stack(0x0000000016d40000,0x0000000016e40000)]
  0x00000000157ed800 JavaThread "Attach Listener" daemon [_thread_blocked, id=1184, stack(0x0000000016c40000,0x0000000016d40000)]
  0x00000000157ec800 JavaThread "Signal Dispatcher" daemon [_thread_blocked, id=11220, stack(0x0000000016b40000,0x0000000016c40000)]
  0x0000000003100800 JavaThread "Finalizer" daemon [_thread_blocked, id=7676, stack(0x0000000016a40000,0x0000000016b40000)]
  0x00000000030fd800 JavaThread "Reference Handler" daemon [_thread_blocked, id=8376, stack(0x0000000016940000,0x0000000016a40000)]
  0x0000000002f0e000 JavaThread "main" [_thread_blocked, id=7840, stack(0x0000000002f10000,0x0000000003010000)]

Other Threads:
  0x00000000157a8000 VMThread [stack: 0x0000000016840000,0x0000000016940000] [id=84]
  0x0000000016ec5000 WatcherThread [stack: 0x0000000017540000,0x0000000017640000] [id=12932]

VM state:not at safepoint (normal execution)

VM Mutex/Monitor currently owned by a thread: None

Heap:
 PSYoungGen      total 18944K, used 11501K [0x00000000eab00000, 0x00000000ed000000, 0x0000000100000000)
  eden space 16384K, 54% used [0x00000000eab00000,0x00000000eb3bd108,0x00000000ebb00000)
  from space 2560K, 99% used [0x00000000ebd80000,0x00000000ebffe638,0x00000000ec000000)
  to   space 2560K, 0% used [0x00000000ebb00000,0x00000000ebb00000,0x00000000ebd80000)
 ParOldGen       total 44032K, used 3861K [0x00000000c0000000, 0x00000000c2b00000, 0x00000000eab00000)
  object space 44032K, 8% used [0x00000000c0000000,0x00000000c03c5498,0x00000000c2b00000)
 Metaspace       used 6080K, capacity 6960K, committed 7040K, reserved 1056768K
  class space    used 594K, capacity 616K, committed 640K, reserved 1048576K

Card table byte_map: [0x00000000124d0000,0x00000000126e0000] byte_map_base: 0x0000000011ed0000

Marking Bits: (ParMarkBitMap*) 0x00000000530f4040
 Begin Bits: [0x0000000012c40000, 0x0000000013c40000)
 End Bits:   [0x0000000013c40000, 0x0000000014c40000)

Polling page: 0x0000000001250000

CodeCache: size=245760Kb used=5513Kb max_used=5513Kb free=240246Kb
 bounds [0x0000000003110000, 0x0000000003680000, 0x0000000012110000]
 total_blobs=1653 nmethods=1382 adapters=184
 compilation: enabled

Compilation events (10 events):
Event: 3.480 Thread 0x0000000016e9c800 1383       3       com.android.dx.ssa.PhiInsn::accept (8 bytes)
Event: 3.481 Thread 0x0000000016e9c800 nmethod 1383 0x0000000003669010 code [0x0000000003669180, 0x00000000036693a8]
Event: 3.488 Thread 0x0000000016e9c800 1384       3       com.android.dx.ssa.ConstCollector::updateConstUses (248 bytes)
Event: 3.492 Thread 0x0000000016e9c800 nmethod 1384 0x0000000003669490 code [0x0000000003669860, 0x000000000366be58]
Event: 3.497 Thread 0x0000000016e9c800 1386       3       com.android.dx.rop.type.Prototype::compareTo (120 bytes)
Event: 3.498 Thread 0x0000000016e9c800 nmethod 1386 0x000000000366d550 code [0x000000000366d760, 0x000000000366e5f8]
Event: 3.508 Thread 0x0000000016e9c800 1387       3       com.android.dx.rop.code.Rops::pickIf (154 bytes)
Event: 3.510 Thread 0x0000000016e9c800 nmethod 1387 0x000000000366ed10 code [0x000000000366efa0, 0x0000000003670118]
Event: 3.512 Thread 0x0000000016e9c800 1388       3       com.android.dx.ssa.NormalSsaInsn::isMoveException (20 bytes)
Event: 3.512 Thread 0x0000000016e9c800 nmethod 1388 0x0000000003670910 code [0x0000000003670a80, 0x0000000003670d70]

GC Heap History (4 events):
Event: 2.259 GC heap before
{Heap before GC invocations=1 (full 0):
 PSYoungGen      total 18944K, used 16384K [0x00000000eab00000, 0x00000000ec000000, 0x0000000100000000)
  eden space 16384K, 100% used [0x00000000eab00000,0x00000000ebb00000,0x00000000ebb00000)
  from space 2560K, 0% used [0x00000000ebd80000,0x00000000ebd80000,0x00000000ec000000)
  to   space 2560K, 0% used [0x00000000ebb00000,0x00000000ebb00000,0x00000000ebd80000)
 ParOldGen       total 44032K, used 0K [0x00000000c0000000, 0x00000000c2b00000, 0x00000000eab00000)
  object space 44032K, 0% used [0x00000000c0000000,0x00000000c0000000,0x00000000c2b00000)
 Metaspace       used 5668K, capacity 6640K, committed 6784K, reserved 1056768K
  class space    used 587K, capacity 616K, committed 640K, reserved 1048576K
Event: 2.268 GC heap after
Heap after GC invocations=1 (full 0):
 PSYoungGen      total 18944K, used 2554K [0x00000000eab00000, 0x00000000ec000000, 0x0000000100000000)
  eden space 16384K, 0% used [0x00000000eab00000,0x00000000eab00000,0x00000000ebb00000)
  from space 2560K, 99% used [0x00000000ebb00000,0x00000000ebd7e888,0x00000000ebd80000)
  to   space 2560K, 0% used [0x00000000ebd80000,0x00000000ebd80000,0x00000000ec000000)
 ParOldGen       total 44032K, used 1548K [0x00000000c0000000, 0x00000000c2b00000, 0x00000000eab00000)
  object space 44032K, 3% used [0x00000000c0000000,0x00000000c01830c8,0x00000000c2b00000)
 Metaspace       used 5668K, capacity 6640K, committed 6784K, reserved 1056768K
  class space    used 587K, capacity 616K, committed 640K, reserved 1048576K
}
Event: 3.249 GC heap before
{Heap before GC invocations=2 (full 0):
 PSYoungGen      total 18944K, used 18938K [0x00000000eab00000, 0x00000000ec000000, 0x0000000100000000)
  eden space 16384K, 100% used [0x00000000eab00000,0x00000000ebb00000,0x00000000ebb00000)
  from space 2560K, 99% used [0x00000000ebb00000,0x00000000ebd7e888,0x00000000ebd80000)
  to   space 2560K, 0% used [0x00000000ebd80000,0x00000000ebd80000,0x00000000ec000000)
 ParOldGen       total 44032K, used 1548K [0x00000000c0000000, 0x00000000c2b00000, 0x00000000eab00000)
  object space 44032K, 3% used [0x00000000c0000000,0x00000000c01830c8,0x00000000c2b00000)
 Metaspace       used 6041K, capacity 6960K, committed 7040K, reserved 1056768K
  class space    used 594K, capacity 616K, committed 640K, reserved 1048576K
Event: 3.307 GC heap after
Heap after GC invocations=2 (full 0):
 PSYoungGen      total 18944K, used 2553K [0x00000000eab00000, 0x00000000ed000000, 0x0000000100000000)
  eden space 16384K, 0% used [0x00000000eab00000,0x00000000eab00000,0x00000000ebb00000)
  from space 2560K, 99% used [0x00000000ebd80000,0x00000000ebffe638,0x00000000ec000000)
  to   space 2560K, 0% used [0x00000000ebb00000,0x00000000ebb00000,0x00000000ebd80000)
 ParOldGen       total 44032K, used 3861K [0x00000000c0000000, 0x00000000c2b00000, 0x00000000eab00000)
  object space 44032K, 8% used [0x00000000c0000000,0x00000000c03c5498,0x00000000c2b00000)
 Metaspace       used 6041K, capacity 6960K, committed 7040K, reserved 1056768K
  class space    used 594K, capacity 616K, committed 640K, reserved 1048576K
}

Deoptimization events (10 events):
Event: 2.364 Thread 0x0000000017118800 Uncommon trap: reason=unstable_if action=reinterpret pc=0x00000000033c40c0 method=java.util.HashMap.getNode(ILjava/lang/Object;)Ljava/util/HashMap$Node; @ 129
Event: 2.427 Thread 0x0000000002f0e000 Uncommon trap: reason=unstable_if action=reinterpret pc=0x0000000003394e74 method=java.util.BitSet.ensureCapacity(I)V @ 6
Event: 2.908 Thread 0x000000001711f800 Uncommon trap: reason=unstable_if action=reinterpret pc=0x00000000033ebb28 method=com.android.dx.rop.code.RegisterSpec.equals(ILcom/android/dx/rop/type/TypeBearer;Lcom/android/dx/rop/code/LocalItem;)Z @ 16
Event: 2.973 Thread 0x0000000002f0e000 Uncommon trap: reason=unstable_if action=reinterpret pc=0x00000000034753c8 method=com.android.dx.rop.code.RegisterSpec.equals(ILcom/android/dx/rop/type/TypeBearer;Lcom/android/dx/rop/code/LocalItem;)Z @ 16
Event: 2.973 Thread 0x0000000002f0e000 Uncommon trap: reason=unstable_if action=reinterpret pc=0x00000000034d7c14 method=com.android.dx.rop.code.RegisterSpec.equals(ILcom/android/dx/rop/type/TypeBearer;Lcom/android/dx/rop/code/LocalItem;)Z @ 16
Event: 2.974 Thread 0x0000000002f0e000 Uncommon trap: reason=unstable_if action=reinterpret pc=0x000000000333a1e8 method=java.util.HashMap.getNode(ILjava/lang/Object;)Ljava/util/HashMap$Node; @ 62
Event: 2.976 Thread 0x0000000002f0e000 Uncommon trap: reason=unstable_if action=reinterpret pc=0x00000000034a11f8 method=com.android.dx.rop.code.RegisterSpec.equals(ILcom/android/dx/rop/type/TypeBearer;Lcom/android/dx/rop/code/LocalItem;)Z @ 16
Event: 3.149 Thread 0x000000001711b800 Uncommon trap: reason=unstable_if action=reinterpret pc=0x0000000003557c24 method=com.android.dx.rop.code.RegisterSpec.equals(ILcom/android/dx/rop/type/TypeBearer;Lcom/android/dx/rop/code/LocalItem;)Z @ 16
Event: 3.381 Thread 0x000000001711b800 Uncommon trap: reason=null_check action=make_not_entrant pc=0x000000000361bda4 method=com.android.dx.rop.type.Type.equals(Ljava/lang/Object;)Z @ 8
Event: 3.437 Thread 0x0000000017173800 Uncommon trap: reason=null_check action=make_not_entrant pc=0x000000000344db74 method=com.android.dx.ssa.SsaRenamer.getLocalForNewReg(I)Lcom/android/dx/rop/code/LocalItem; @ 19

Internal exceptions (4 events):
Event: 0.518 Thread 0x0000000002f0e000 Exception <a 'java/lang/NoSuchMethodError': Method sun.misc.Unsafe.defineClass(Ljava/lang/String;[BII)Ljava/lang/Class; name or signature does not match> (0x00000000eab12f48) thrown at [D:\re\workspace\8-2-build-windows-amd64-cygwin\jdk8u40\3098\hotspot\sr/ì7)’à?
Event: 0.518 Thread 0x0000000002f0e000 Exception <a 'java/lang/NoSuchMethodError': Method sun.misc.Unsafe.prefetchRead(Ljava/lang/Object;J)V name or signature does not match> (0x00000000eab131d8) thrown at [D:\re\workspace\8-2-build-windows-amd64-cygwin\jdk8u40\3098\hotspot\src\share\vm\prims\jVË²Ñ@
Event: 3.381 Thread 0x000000001711b800 Implicit null exception at 0x000000000361bca2 to 0x000000000361bd95
Event: 3.437 Thread 0x0000000017173800 Implicit null exception at 0x000000000344b667 to 0x000000000344db2d

Events (10 events):
Event: 3.149 Thread 0x000000001711b800 DEOPT PACKING pc=0x0000000003557c24 sp=0x0000000017b3e630
Event: 3.149 Thread 0x000000001711b800 DEOPT UNPACKING pc=0x000000000315582a sp=0x0000000017b3e480 mode 2
Event: 3.200 Executing VM operation: ParallelGCFailedAllocation
Event: 3.307 Executing VM operation: ParallelGCFailedAllocation done
Event: 3.381 Thread 0x000000001711b800 Uncommon trap: trap_request=0xfffffff4 fr.pc=0x000000000361bda4
Event: 3.381 Thread 0x000000001711b800 DEOPT PACKING pc=0x000000000361bda4 sp=0x0000000017b3e350
Event: 3.381 Thread 0x000000001711b800 DEOPT UNPACKING pc=0x000000000315582a sp=0x0000000017b3e2d8 mode 2
Event: 3.437 Thread 0x0000000017173800 Uncommon trap: trap_request=0xfffffff4 fr.pc=0x000000000344db74
Event: 3.437 Thread 0x0000000017173800 DEOPT PACKING pc=0x000000000344db74 sp=0x000000001773e860
Event: 3.437 Thread 0x0000000017173800 DEOPT UNPACKING pc=0x000000000315582a sp=0x000000001773e6b8 mode 2


Dynamic libraries:
0x00007ff646a30000 - 0x00007ff646a67000 	C:\Program Files\Java\jdk1.8.0_40\bin\java.exe
0x00007ff887610000 - 0x00007ff8877e1000 	C:\WINDOWS\SYSTEM32\ntdll.dll
0x00007ff8871d0000 - 0x00007ff88727b000 	C:\WINDOWS\System32\KERNEL32.DLL
0x00007ff883e70000 - 0x00007ff88408d000 	C:\WINDOWS\System32\KERNELBASE.dll
0x00007ff886a90000 - 0x00007ff886b32000 	C:\WINDOWS\System32\ADVAPI32.dll
0x00007ff886c30000 - 0x00007ff886cce000 	C:\WINDOWS\System32\msvcrt.dll
0x00007ff887170000 - 0x00007ff8871c9000 	C:\WINDOWS\System32\sechost.dll
0x00007ff8868a0000 - 0x00007ff8869c1000 	C:\WINDOWS\System32\RPCRT4.dll
0x00007ff8874a0000 - 0x00007ff887605000 	C:\WINDOWS\System32\USER32.dll
0x00007ff883e50000 - 0x00007ff883e6e000 	C:\WINDOWS\System32\win32u.dll
0x00007ff886b90000 - 0x00007ff886bc4000 	C:\WINDOWS\System32\GDI32.dll
0x00007ff883b00000 - 0x00007ff883c82000 	C:\WINDOWS\System32\gdi32full.dll
0x00007ff874c60000 - 0x00007ff874eda000 	C:\WINDOWS\WinSxS\amd64_microsoft.windows.common-controls_6595b64144ccf1df_6.0.14393.351_none_4213128bc687e6d3\COMCTL32.dll
0x00007ff8861d0000 - 0x00007ff886497000 	C:\WINDOWS\System32\combase.dll
0x00007ff884100000 - 0x00007ff8841f5000 	C:\WINDOWS\System32\ucrtbase.dll
0x00007ff884090000 - 0x00007ff8840fa000 	C:\WINDOWS\System32\bcryptPrimitives.dll
0x00007ff886b60000 - 0x00007ff886b8e000 	C:\WINDOWS\System32\IMM32.DLL
0x0000000053180000 - 0x0000000053252000 	C:\Program Files\Java\jdk1.8.0_40\jre\bin\msvcr100.dll
0x00000000528f0000 - 0x0000000053173000 	C:\Program Files\Java\jdk1.8.0_40\jre\bin\server\jvm.dll
0x00007ff887420000 - 0x00007ff887428000 	C:\WINDOWS\System32\PSAPI.DLL
0x00007ff85ffe0000 - 0x00007ff85ffe9000 	C:\WINDOWS\SYSTEM32\WSOCK32.dll
0x00007ff887430000 - 0x00007ff88749a000 	C:\WINDOWS\System32\WS2_32.dll
0x00007ff881c60000 - 0x00007ff881c83000 	C:\WINDOWS\SYSTEM32\WINMM.dll
0x00007ff875ef0000 - 0x00007ff875efa000 	C:\WINDOWS\SYSTEM32\VERSION.dll
0x00007ff881c30000 - 0x00007ff881c5b000 	C:\WINDOWS\SYSTEM32\WINMMBASE.dll
0x00007ff884470000 - 0x00007ff8844b2000 	C:\WINDOWS\System32\cfgmgr32.dll
0x00000000528e0000 - 0x00000000528ef000 	C:\Program Files\Java\jdk1.8.0_40\jre\bin\verify.dll
0x00000000528b0000 - 0x00000000528d9000 	C:\Program Files\Java\jdk1.8.0_40\jre\bin\java.dll
0x0000000052890000 - 0x00000000528a6000 	C:\Program Files\Java\jdk1.8.0_40\jre\bin\zip.dll
0x00007ff884ba0000 - 0x00007ff8860a9000 	C:\WINDOWS\System32\SHELL32.dll
0x00007ff8844c0000 - 0x00007ff884b9a000 	C:\WINDOWS\System32\windows.storage.dll
0x00007ff883ab0000 - 0x00007ff883afc000 	C:\WINDOWS\System32\powrprof.dll
0x00007ff887280000 - 0x00007ff8872d2000 	C:\WINDOWS\System32\shlwapi.dll
0x00007ff883a70000 - 0x00007ff883a7f000 	C:\WINDOWS\System32\kernel.appcore.dll
0x00007ff883da0000 - 0x00007ff883e49000 	C:\WINDOWS\System32\shcore.dll
0x00007ff883a80000 - 0x00007ff883a94000 	C:\WINDOWS\System32\profapi.dll

VM Arguments:
jvm_args: -Djava.awt.headless=true -Xmx1024M -Dfile.encoding=x-windows-949 -Duser.country=KR -Duser.language=ko -Duser.variant 
java_command: com.android.dx.command.Main --dex --force-jumbo --num-threads=4 --multi-dex --output C:\Users\ASUS TP300L\AndroidStudioProjects\app\Smart\app\build\intermediates\transforms\dex\debug\folders\1000\10\com.android.support-design-24.2.0_dd159cb2907bfd94fa3428d707c6dd6ad71de0cd C:\Users\ASUS TP300L\AndroidStudioProjects\app\Smart\app\build\intermediates\exploded-aar\com.android.support\design\24.2.0\jars\classes.jar
java_class_path (initial): C:\Android\sdk1\build-tools\24.0.2\lib\dx.jar
Launcher Type: SUN_STANDARD

Environment Variables:
JAVA_HOME=C:\Program Files\Java\jdk1.8.0_40
PATH=C:\ProgramData\Oracle\Java\javapath;C:\Program Files (x86)\Intel\iCLS Client\;C:\Program Files\Intel\iCLS Client\;C:\WINDOWS\system32;C:\WINDOWS;C:\WINDOWS\System32\Wbem;C:\WINDOWS\System32\WindowsPowerShell\v1.0\;C:\Program Files (x86)\Windows Kits\8.1\Windows Performance Toolkit\;C:\Program Files\Microsoft SQL Server\110\Tools\Binn\;C:\Program Files (x86)\Microsoft SDKs\TypeScript\1.0\;C:\Program Files\Microsoft SQL Server\120\Tools\Binn\;C:\Program Files\TortoiseGit\bin;C:\Program Files\Java\jdk1.8.0_40\bin;C:\Program Files (x86)\Intel\Intel(R) Management Engine Components\DAL;C:\Program Files\Intel\Intel(R) Management Engine Components\DAL;C:\Program Files (x86)\Intel\Intel(R) Management Engine Components\IPT;C:\Program Files\Intel\Intel(R) Management Engine Components\IPT;C:\Program Files\MySQL\MySQL Utilities 1.6\;C:\AutoSet8\Server\CUBRID\bin\;;C:\AutoSet8\Server\conf\;C:\AutoSet8\Server\bin\;C:\Program Files (x86)\Windows Live\Shared;C:\Users\ASUS TP300L\AppData\Local\Microsoft\WindowsApps;
USERNAME=ASUS TP300L
OS=Windows_NT
PROCESSOR_IDENTIFIER=Intel64 Family 6 Model 69 Stepping 1, GenuineIntel



---------------  S Y S T E M  ---------------

OS: Windows 10.0 , 64 bit Build 14393 (10.0.14393.0)

CPU:total 4 (2 cores per cpu, 2 threads per core) family 6 model 69 stepping 1, cmov, cx8, fxsr, mmx, sse, sse2, sse3, ssse3, sse4.1, sse4.2, popcnt, avx, avx2, aes, clmul, erms, lzcnt, ht, tsc, tscinvbit, bmi1, bmi2

Memory: 4k page, physical 4074932k(418944k free), swap 10185924k(4288k free)

vm_info: Java HotSpot(TM) 64-Bit Server VM (25.40-b25) for windows-amd64 JRE (1.8.0_40-b26), built on Mar  7 2015 13:51:59 by "java_re" with MS VC++ 10.0 (VS2010)

time: Fri Nov 11 12:45:52 2016
elapsed time: 3 seconds (0d 0h 0m 3s)

