#
# There is insufficient memory for the Java Runtime Environment to continue.
# Native memory allocation (malloc) failed to allocate 1332816 bytes for Chunk::new
# Possible reasons:
#   The system is out of physical RAM or swap space
#   In 32 bit mode, the process size limit was hit
# Possible solutions:
#   Reduce memory load on the system
#   Increase physical memory or swap space
#   Check if swap backing store is full
#   Use 64 bit Java on a 64 bit OS
#   Decrease Java heap size (-Xmx/-Xms)
#   Decrease number of Java threads
#   Decrease Java thread stack sizes (-Xss)
#   Set larger code cache with -XX:ReservedCodeCacheSize=
# This output file may be truncated or incomplete.
#
#  Out of Memory Error (allocation.cpp:390), pid=9172, tid=4912
#
# JRE version: Java(TM) SE Runtime Environment (8.0_40-b26) (build 1.8.0_40-b26)
# Java VM: Java HotSpot(TM) 64-Bit Server VM (25.40-b25 mixed mode windows-amd64 compressed oops)
# Failed to write core dump. Minidumps are not enabled by default on client versions of Windows
#

---------------  T H R E A D  ---------------

Current thread (0x000000001521c800):  JavaThread "C2 CompilerThread1" daemon [_thread_in_native, id=4912, stack(0x0000000016c10000,0x0000000016d10000)]

Stack: [0x0000000016c10000,0x0000000016d10000]
Native frames: (J=compiled Java code, j=interpreted, Vv=VM code, C=native code)
V  [jvm.dll+0x32b47a]
V  [jvm.dll+0x2797f3]
V  [jvm.dll+0x27a489]
V  [jvm.dll+0x2717a5]
V  [jvm.dll+0xcb9a2]
V  [jvm.dll+0xcbe6c]
V  [jvm.dll+0x4929a7]
V  [jvm.dll+0x45f77f]
V  [jvm.dll+0x46a73b]
V  [jvm.dll+0x46cd52]
V  [jvm.dll+0x4500d2]
V  [jvm.dll+0xa4312]
V  [jvm.dll+0xa4c4f]
V  [jvm.dll+0x241914]
V  [jvm.dll+0x29848a]
C  [msvcr100.dll+0x21d9f]
C  [msvcr100.dll+0x21e3b]
C  [KERNEL32.DLL+0x8364]
C  [ntdll.dll+0x65e91]


Current CompileTask:
C2:   5201 1497   !   4       com.android.dx.cf.cst.ConstantPoolParser::parse0 (731 bytes)


---------------  P R O C E S S  ---------------

Java Threads: ( => current thread )
  0x0000000016ac0800 JavaThread "pool-2-thread-4" [_thread_in_Java, id=4816, stack(0x0000000017410000,0x0000000017510000)]
  0x0000000016ac0000 JavaThread "pool-2-thread-3" [_thread_blocked, id=9776, stack(0x0000000017310000,0x0000000017410000)]
  0x0000000016b13800 JavaThread "pool-2-thread-2" [_thread_blocked, id=12348, stack(0x0000000017210000,0x0000000017310000)]
  0x0000000016b11000 JavaThread "pool-3-thread-1" [_thread_blocked, id=10336, stack(0x0000000017110000,0x0000000017210000)]
  0x0000000016b10800 JavaThread "pool-2-thread-1" [_thread_in_vm, id=12484, stack(0x0000000017010000,0x0000000017110000)]
  0x000000001686a000 JavaThread "Service Thread" daemon [_thread_blocked, id=12092, stack(0x0000000016e10000,0x0000000016f10000)]
  0x000000001521e000 JavaThread "C1 CompilerThread2" daemon [_thread_blocked, id=7128, stack(0x0000000016d10000,0x0000000016e10000)]
=>0x000000001521c800 JavaThread "C2 CompilerThread1" daemon [_thread_in_native, id=4912, stack(0x0000000016c10000,0x0000000016d10000)]
  0x0000000015219000 JavaThread "C2 CompilerThread0" daemon [_thread_in_native, id=940, stack(0x0000000016710000,0x0000000016810000)]
  0x00000000151cd800 JavaThread "Attach Listener" daemon [_thread_blocked, id=4704, stack(0x0000000016610000,0x0000000016710000)]
  0x00000000151cc800 JavaThread "Signal Dispatcher" daemon [_thread_blocked, id=11728, stack(0x0000000016510000,0x0000000016610000)]
  0x0000000002ae0800 JavaThread "Finalizer" daemon [_thread_blocked, id=12712, stack(0x0000000016410000,0x0000000016510000)]
  0x0000000002add800 JavaThread "Reference Handler" daemon [_thread_blocked, id=7972, stack(0x0000000016310000,0x0000000016410000)]
  0x00000000029ee000 JavaThread "main" [_thread_blocked, id=6884, stack(0x0000000002840000,0x0000000002940000)]

Other Threads:
  0x0000000015188000 VMThread [stack: 0x0000000016210000,0x0000000016310000] [id=8812]
  0x000000001687c000 WatcherThread [stack: 0x0000000016f10000,0x0000000017010000] [id=10364]

VM state:not at safepoint (normal execution)

VM Mutex/Monitor currently owned by a thread: None

Heap:
 PSYoungGen      total 35328K, used 13353K [0x00000000eab00000, 0x00000000ed000000, 0x0000000100000000)
  eden space 32768K, 33% used [0x00000000eab00000,0x00000000eb58fed8,0x00000000ecb00000)
  from space 2560K, 99% used [0x00000000ecb00000,0x00000000ecd7a628,0x00000000ecd80000)
  to   space 2560K, 0% used [0x00000000ecd80000,0x00000000ecd80000,0x00000000ed000000)
 ParOldGen       total 44032K, used 8040K [0x00000000c0000000, 0x00000000c2b00000, 0x00000000eab00000)
  object space 44032K, 18% used [0x00000000c0000000,0x00000000c07da010,0x00000000c2b00000)
 Metaspace       used 6251K, capacity 7088K, committed 7296K, reserved 1056768K
  class space    used 596K, capacity 616K, committed 640K, reserved 1048576K

Card table byte_map: [0x0000000011eb0000,0x00000000120c0000] byte_map_base: 0x00000000118b0000

Marking Bits: (ParMarkBitMap*) 0x00000000530f4040
 Begin Bits: [0x0000000012620000, 0x0000000013620000)
 End Bits:   [0x0000000013620000, 0x0000000014620000)

Polling page: 0x00000000024b0000

CodeCache: size=245760Kb used=6695Kb max_used=6695Kb free=239064Kb
 bounds [0x0000000002af0000, 0x0000000003180000, 0x0000000011af0000]
 total_blobs=1895 nmethods=1623 adapters=184
 compilation: enabled

Compilation events (10 events):
Event: 4.927 Thread 0x000000001521e000 nmethod 1591 0x00000000031639d0 code [0x0000000003163b60, 0x0000000003163e68]
Event: 4.927 Thread 0x000000001521e000 1590       3       com.android.dx.cf.code.Simulator::<init> (66 bytes)
Event: 4.928 Thread 0x000000001521e000 nmethod 1590 0x0000000003164010 code [0x00000000031641c0, 0x0000000003164918]
Event: 4.928 Thread 0x000000001521e000 1592       3       java.util.EnumSet::allOf (11 bytes)
Event: 4.928 Thread 0x000000001521e000 nmethod 1592 0x0000000003164bd0 code [0x0000000003164d40, 0x0000000003164f78]
Event: 4.961 Thread 0x000000001521e000 1593       3       com.android.dx.cf.attrib.RawAttribute::byteLength (11 bytes)
Event: 4.961 Thread 0x000000001521e000 nmethod 1593 0x0000000003165050 code [0x00000000031651a0, 0x0000000003165390]
Event: 5.105 Thread 0x000000001521e000 1595       3       com.android.dx.rop.code.Rops::pickIf (154 bytes)
Event: 5.107 Thread 0x000000001521e000 nmethod 1595 0x0000000003165450 code [0x00000000031656e0, 0x0000000003166858]
Event: 5.109 Thread 0x000000001521e000 1596       3       com.android.dx.rop.type.Type::asUninitialized (140 bytes)

GC Heap History (6 events):
Event: 2.910 GC heap before
{Heap before GC invocations=1 (full 0):
 PSYoungGen      total 18944K, used 16384K [0x00000000eab00000, 0x00000000ec000000, 0x0000000100000000)
  eden space 16384K, 100% used [0x00000000eab00000,0x00000000ebb00000,0x00000000ebb00000)
  from space 2560K, 0% used [0x00000000ebd80000,0x00000000ebd80000,0x00000000ec000000)
  to   space 2560K, 0% used [0x00000000ebb00000,0x00000000ebb00000,0x00000000ebd80000)
 ParOldGen       total 44032K, used 0K [0x00000000c0000000, 0x00000000c2b00000, 0x00000000eab00000)
  object space 44032K, 0% used [0x00000000c0000000,0x00000000c0000000,0x00000000c2b00000)
 Metaspace       used 5557K, capacity 6512K, committed 6784K, reserved 1056768K
  class space    used 585K, capacity 616K, committed 640K, reserved 1048576K
Event: 2.948 GC heap after
Heap after GC invocations=1 (full 0):
 PSYoungGen      total 18944K, used 2559K [0x00000000eab00000, 0x00000000ed000000, 0x0000000100000000)
  eden space 16384K, 0% used [0x00000000eab00000,0x00000000eab00000,0x00000000ebb00000)
  from space 2560K, 99% used [0x00000000ebb00000,0x00000000ebd7fc50,0x00000000ebd80000)
  to   space 2560K, 0% used [0x00000000ecd80000,0x00000000ecd80000,0x00000000ed000000)
 ParOldGen       total 44032K, used 1179K [0x00000000c0000000, 0x00000000c2b00000, 0x00000000eab00000)
  object space 44032K, 2% used [0x00000000c0000000,0x00000000c0126e68,0x00000000c2b00000)
 Metaspace       used 5557K, capacity 6512K, committed 6784K, reserved 1056768K
  class space    used 585K, capacity 616K, committed 640K, reserved 1048576K
}
Event: 3.992 GC heap before
{Heap before GC invocations=2 (full 0):
 PSYoungGen      total 18944K, used 18943K [0x00000000eab00000, 0x00000000ed000000, 0x0000000100000000)
  eden space 16384K, 100% used [0x00000000eab00000,0x00000000ebb00000,0x00000000ebb00000)
  from space 2560K, 99% used [0x00000000ebb00000,0x00000000ebd7fc50,0x00000000ebd80000)
  to   space 2560K, 0% used [0x00000000ecd80000,0x00000000ecd80000,0x00000000ed000000)
 ParOldGen       total 44032K, used 1179K [0x00000000c0000000, 0x00000000c2b00000, 0x00000000eab00000)
  object space 44032K, 2% used [0x00000000c0000000,0x00000000c0126e68,0x00000000c2b00000)
 Metaspace       used 6054K, capacity 6960K, committed 7040K, reserved 1056768K
  class space    used 594K, capacity 616K, committed 640K, reserved 1048576K
Event: 4.049 GC heap after
Heap after GC invocations=2 (full 0):
 PSYoungGen      total 35328K, used 2528K [0x00000000eab00000, 0x00000000ed000000, 0x0000000100000000)
  eden space 32768K, 0% used [0x00000000eab00000,0x00000000eab00000,0x00000000ecb00000)
  from space 2560K, 98% used [0x00000000ecd80000,0x00000000ecff8288,0x00000000ed000000)
  to   space 2560K, 0% used [0x00000000ecb00000,0x00000000ecb00000,0x00000000ecd80000)
 ParOldGen       total 44032K, used 3226K [0x00000000c0000000, 0x00000000c2b00000, 0x00000000eab00000)
  object space 44032K, 7% used [0x00000000c0000000,0x00000000c03269e0,0x00000000c2b00000)
 Metaspace       used 6054K, capacity 6960K, committed 7040K, reserved 1056768K
  class space    used 594K, capacity 616K, committed 640K, reserved 1048576K
}
Event: 5.016 GC heap before
{Heap before GC invocations=3 (full 0):
 PSYoungGen      total 35328K, used 35296K [0x00000000eab00000, 0x00000000ed000000, 0x0000000100000000)
  eden space 32768K, 100% used [0x00000000eab00000,0x00000000ecb00000,0x00000000ecb00000)
  from space 2560K, 98% used [0x00000000ecd80000,0x00000000ecff8288,0x00000000ed000000)
  to   space 2560K, 0% used [0x00000000ecb00000,0x00000000ecb00000,0x00000000ecd80000)
 ParOldGen       total 44032K, used 3226K [0x00000000c0000000, 0x00000000c2b00000, 0x00000000eab00000)
  object space 44032K, 7% used [0x00000000c0000000,0x00000000c03269e0,0x00000000c2b00000)
 Metaspace       used 6232K, capacity 7088K, committed 7296K, reserved 1056768K
  class space    used 596K, capacity 616K, committed 640K, reserved 1048576K
Event: 5.097 GC heap after
Heap after GC invocations=3 (full 0):
 PSYoungGen      total 35328K, used 2537K [0x00000000eab00000, 0x00000000ed000000, 0x0000000100000000)
  eden space 32768K, 0% used [0x00000000eab00000,0x00000000eab00000,0x00000000ecb00000)
  from space 2560K, 99% used [0x00000000ecb00000,0x00000000ecd7a628,0x00000000ecd80000)
  to   space 2560K, 0% used [0x00000000ecd80000,0x00000000ecd80000,0x00000000ed000000)
 ParOldGen       total 44032K, used 8040K [0x00000000c0000000, 0x00000000c2b00000, 0x00000000eab00000)
  object space 44032K, 18% used [0x00000000c0000000,0x00000000c07da010,0x00000000c2b00000)
 Metaspace       used 6232K, capacity 7088K, committed 7296K, reserved 1056768K
  class space    used 596K, capacity 616K, committed 640K, reserved 1048576K
}

Deoptimization events (10 events):
Event: 3.352 Thread 0x0000000016ac0800 Uncommon trap: reason=class_check action=maybe_recompile pc=0x0000000002df1424 method=com.android.dx.rop.type.Type.equals(Ljava/lang/Object;)Z @ 8
Event: 3.365 Thread 0x0000000016ac0000 Uncommon trap: reason=class_check action=maybe_recompile pc=0x0000000002d7a4b4 method=com.android.dx.rop.type.Type.equals(Ljava/lang/Object;)Z @ 8
Event: 3.366 Thread 0x0000000016ac0000 Uncommon trap: reason=unstable_if action=reinterpret pc=0x0000000002d30444 method=java.util.HashMap.getNode(ILjava/lang/Object;)Ljava/util/HashMap$Node; @ 129
Event: 3.385 Thread 0x0000000016ac0000 Uncommon trap: reason=unstable_if action=reinterpret pc=0x0000000002d91eb4 method=java.util.BitSet.ensureCapacity(I)V @ 6
Event: 3.385 Thread 0x0000000016ac0000 Uncommon trap: reason=unstable_if action=reinterpret pc=0x0000000002d2fdf0 method=java.util.BitSet.nextSetBit(I)I @ 87
Event: 3.436 Thread 0x0000000016ac0000 Uncommon trap: reason=unstable_if action=reinterpret pc=0x0000000002dbe1dc method=com.android.dx.rop.cst.Constant.compareTo(Lcom/android/dx/rop/cst/Constant;)I @ 12
Event: 4.564 Thread 0x0000000016b13800 Uncommon trap: reason=unstable_if action=reinterpret pc=0x0000000002f3b9a0 method=com.android.dx.rop.code.RegisterSpecSet.<init>(I)V @ 2
Event: 4.727 Thread 0x0000000016ac0000 Uncommon trap: reason=null_check action=make_not_entrant pc=0x000000000303c464 method=com.android.dx.rop.type.Type.equals(Ljava/lang/Object;)Z @ 8
Event: 4.920 Thread 0x0000000016ac0000 Uncommon trap: reason=class_check action=maybe_recompile pc=0x00000000030be4ec method=com.android.dx.cf.code.BytecodeArray.parseInstruction(ILcom/android/dx/cf/code/BytecodeArray$Visitor;)I @ 1051
Event: 4.920 Thread 0x0000000016ac0000 Uncommon trap: reason=class_check action=maybe_recompile pc=0x00000000030be4ec method=com.android.dx.cf.code.BytecodeArray.parseInstruction(ILcom/android/dx/cf/code/BytecodeArray$Visitor;)I @ 1051

Internal exceptions (3 events):
Event: 0.201 Thread 0x00000000029ee000 Exception <a 'java/lang/NoSuchMethodError': Method sun.misc.Unsafe.defineClass(Ljava/lang/String;[BII)Ljava/lang/Class; name or signature does not match> (0x00000000eab12f48) thrown at [D:\re\workspace\8-2-build-windows-amd64-cygwin\jdk8u40\3098\hotspot\srrø:ç
Event: 0.202 Thread 0x00000000029ee000 Exception <a 'java/lang/NoSuchMethodError': Method sun.misc.Unsafe.prefetchRead(Ljava/lang/Object;J)V name or signature does not match> (0x00000000eab131d8) thrown at [D:\re\workspace\8-2-build-windows-amd64-cygwin\jdk8u40\3098\hotspot\src\share\vm\prims\jåÛ´è@
Event: 4.727 Thread 0x0000000016ac0000 Implicit null exception at 0x000000000303c362 to 0x000000000303c455

Events (10 events):
Event: 4.727 Thread 0x0000000016ac0000 DEOPT PACKING pc=0x000000000303c464 sp=0x000000001740e560
Event: 4.727 Thread 0x0000000016ac0000 DEOPT UNPACKING pc=0x0000000002b3582a sp=0x000000001740e4e8 mode 2
Event: 4.920 Thread 0x0000000016ac0000 Uncommon trap: trap_request=0xffffffde fr.pc=0x00000000030be4ec
Event: 4.920 Thread 0x0000000016ac0000 DEOPT PACKING pc=0x00000000030be4ec sp=0x000000001740e8c0
Event: 4.920 Thread 0x0000000016ac0000 DEOPT UNPACKING pc=0x0000000002b3582a sp=0x000000001740e830 mode 2
Event: 4.920 Thread 0x0000000016ac0000 Uncommon trap: trap_request=0xffffffde fr.pc=0x00000000030be4ec
Event: 4.920 Thread 0x0000000016ac0000 DEOPT PACKING pc=0x00000000030be4ec sp=0x000000001740e710
Event: 4.920 Thread 0x0000000016ac0000 DEOPT UNPACKING pc=0x0000000002b3582a sp=0x000000001740e680 mode 2
Event: 4.966 Executing VM operation: ParallelGCFailedAllocation
Event: 5.098 Executing VM operation: ParallelGCFailedAllocation done


Dynamic libraries:
0x00007ff646a30000 - 0x00007ff646a67000 	C:\Program Files\Java\jdk1.8.0_40\bin\java.exe
0x00007ff887610000 - 0x00007ff8877e1000 	C:\WINDOWS\SYSTEM32\ntdll.dll
0x00007ff8871d0000 - 0x00007ff88727b000 	C:\WINDOWS\System32\KERNEL32.DLL
0x00007ff883e70000 - 0x00007ff88408d000 	C:\WINDOWS\System32\KERNELBASE.dll
0x00007ff886a90000 - 0x00007ff886b32000 	C:\WINDOWS\System32\ADVAPI32.dll
0x00007ff886c30000 - 0x00007ff886cce000 	C:\WINDOWS\System32\msvcrt.dll
0x00007ff887170000 - 0x00007ff8871c9000 	C:\WINDOWS\System32\sechost.dll
0x00007ff8868a0000 - 0x00007ff8869c1000 	C:\WINDOWS\System32\RPCRT4.dll
0x00007ff8874a0000 - 0x00007ff887605000 	C:\WINDOWS\System32\USER32.dll
0x00007ff883e50000 - 0x00007ff883e6e000 	C:\WINDOWS\System32\win32u.dll
0x00007ff886b90000 - 0x00007ff886bc4000 	C:\WINDOWS\System32\GDI32.dll
0x00007ff883b00000 - 0x00007ff883c82000 	C:\WINDOWS\System32\gdi32full.dll
0x00007ff874c60000 - 0x00007ff874eda000 	C:\WINDOWS\WinSxS\amd64_microsoft.windows.common-controls_6595b64144ccf1df_6.0.14393.351_none_4213128bc687e6d3\COMCTL32.dll
0x00007ff8861d0000 - 0x00007ff886497000 	C:\WINDOWS\System32\combase.dll
0x00007ff884100000 - 0x00007ff8841f5000 	C:\WINDOWS\System32\ucrtbase.dll
0x00007ff884090000 - 0x00007ff8840fa000 	C:\WINDOWS\System32\bcryptPrimitives.dll
0x00007ff886b60000 - 0x00007ff886b8e000 	C:\WINDOWS\System32\IMM32.DLL
0x0000000053180000 - 0x0000000053252000 	C:\Program Files\Java\jdk1.8.0_40\jre\bin\msvcr100.dll
0x00000000528f0000 - 0x0000000053173000 	C:\Program Files\Java\jdk1.8.0_40\jre\bin\server\jvm.dll
0x00007ff887420000 - 0x00007ff887428000 	C:\WINDOWS\System32\PSAPI.DLL
0x00007ff85ffe0000 - 0x00007ff85ffe9000 	C:\WINDOWS\SYSTEM32\WSOCK32.dll
0x00007ff887430000 - 0x00007ff88749a000 	C:\WINDOWS\System32\WS2_32.dll
0x00007ff881c60000 - 0x00007ff881c83000 	C:\WINDOWS\SYSTEM32\WINMM.dll
0x00007ff875ef0000 - 0x00007ff875efa000 	C:\WINDOWS\SYSTEM32\VERSION.dll
0x00007ff881c30000 - 0x00007ff881c5b000 	C:\WINDOWS\SYSTEM32\WINMMBASE.dll
0x00007ff884470000 - 0x00007ff8844b2000 	C:\WINDOWS\System32\cfgmgr32.dll
0x00000000528e0000 - 0x00000000528ef000 	C:\Program Files\Java\jdk1.8.0_40\jre\bin\verify.dll
0x00000000528b0000 - 0x00000000528d9000 	C:\Program Files\Java\jdk1.8.0_40\jre\bin\java.dll
0x0000000052890000 - 0x00000000528a6000 	C:\Program Files\Java\jdk1.8.0_40\jre\bin\zip.dll
0x00007ff884ba0000 - 0x00007ff8860a9000 	C:\WINDOWS\System32\SHELL32.dll
0x00007ff8844c0000 - 0x00007ff884b9a000 	C:\WINDOWS\System32\windows.storage.dll
0x00007ff883ab0000 - 0x00007ff883afc000 	C:\WINDOWS\System32\powrprof.dll
0x00007ff887280000 - 0x00007ff8872d2000 	C:\WINDOWS\System32\shlwapi.dll
0x00007ff883a70000 - 0x00007ff883a7f000 	C:\WINDOWS\System32\kernel.appcore.dll
0x00007ff883da0000 - 0x00007ff883e49000 	C:\WINDOWS\System32\shcore.dll
0x00007ff883a80000 - 0x00007ff883a94000 	C:\WINDOWS\System32\profapi.dll
0x00007ff8759a0000 - 0x00007ff875b32000 	C:\WINDOWS\SYSTEM32\dbghelp.dll

VM Arguments:
jvm_args: -Djava.awt.headless=true -Xmx1024M -Dfile.encoding=x-windows-949 -Duser.country=KR -Duser.language=ko -Duser.variant 
java_command: com.android.dx.command.Main --dex --force-jumbo --num-threads=4 --multi-dex --output C:\Users\ASUS TP300L\AndroidStudioProjects\app\Smart\app\build\intermediates\transforms\dex\debug\folders\1000\10\internal_impl-24.2.0_5e2a52726156e834f52ccdbe88bb54caa97dceaa C:\Users\ASUS TP300L\AndroidStudioProjects\app\Smart\app\build\intermediates\exploded-aar\com.android.support\support-compat\24.2.0\jars\libs\internal_impl-24.2.0.jar
java_class_path (initial): C:\Android\sdk1\build-tools\24.0.2\lib\dx.jar
Launcher Type: SUN_STANDARD

Environment Variables:
JAVA_HOME=C:\Program Files\Java\jdk1.8.0_40
PATH=C:\ProgramData\Oracle\Java\javapath;C:\Program Files (x86)\Intel\iCLS Client\;C:\Program Files\Intel\iCLS Client\;C:\WINDOWS\system32;C:\WINDOWS;C:\WINDOWS\System32\Wbem;C:\WINDOWS\System32\WindowsPowerShell\v1.0\;C:\Program Files (x86)\Windows Kits\8.1\Windows Performance Toolkit\;C:\Program Files\Microsoft SQL Server\110\Tools\Binn\;C:\Program Files (x86)\Microsoft SDKs\TypeScript\1.0\;C:\Program Files\Microsoft SQL Server\120\Tools\Binn\;C:\Program Files\TortoiseGit\bin;C:\Program Files\Java\jdk1.8.0_40\bin;C:\Program Files (x86)\Intel\Intel(R) Management Engine Components\DAL;C:\Program Files\Intel\Intel(R) Management Engine Components\DAL;C:\Program Files (x86)\Intel\Intel(R) Management Engine Components\IPT;C:\Program Files\Intel\Intel(R) Management Engine Components\IPT;C:\Program Files\MySQL\MySQL Utilities 1.6\;C:\AutoSet8\Server\CUBRID\bin\;;C:\AutoSet8\Server\conf\;C:\AutoSet8\Server\bin\;C:\Program Files (x86)\Windows Live\Shared;C:\Users\ASUS TP300L\AppData\Local\Microsoft\WindowsApps;
USERNAME=ASUS TP300L
OS=Windows_NT
PROCESSOR_IDENTIFIER=Intel64 Family 6 Model 69 Stepping 1, GenuineIntel



---------------  S Y S T E M  ---------------

OS: Windows 10.0 , 64 bit Build 14393 (10.0.14393.0)

CPU:total 4 (2 cores per cpu, 2 threads per core) family 6 model 69 stepping 1, cmov, cx8, fxsr, mmx, sse, sse2, sse3, ssse3, sse4.1, sse4.2, popcnt, avx, avx2, aes, clmul, erms, lzcnt, ht, tsc, tscinvbit, bmi1, bmi2

Memory: 4k page, physical 4074932k(385812k free), swap 10185924k(5724k free)

vm_info: Java HotSpot(TM) 64-Bit Server VM (25.40-b25) for windows-amd64 JRE (1.8.0_40-b26), built on Mar  7 2015 13:51:59 by "java_re" with MS VC++ 10.0 (VS2010)

time: Fri Nov 11 12:45:55 2016
elapsed time: 5 seconds (0d 0h 0m 5s)

